<?xml version="1.0" encoding="UTF-8"?>
<!-- Generated by org.testng.reporters.JUnitXMLReporter -->
<testsuite ignored="0" hostname="DESKTOP-FFQQAKU" failures="0" tests="3" name="Test Search" time="160.97" errors="0" timestamp="2022-06-23T23:19:57 ICT">
  <testcase classname="com.vmo.test.DemoTest" name="getProducts01Ebay" time="146.544"/>
  <testcase classname="com.vmo.test.DemoTest" name="getProducts02Amazon" time="6.801"/>
  <testcase classname="com.vmo.test.DemoTest" name="testSort" time="0.016"/>
</testsuite> <!-- Test Search -->
